Arguments: 
  /Users/blagojpetrov/.nvm/versions/node/v16.5.0/bin/node /Users/blagojpetrov/.nvm/versions/node/v16.5.0/bin/yarn

PATH: 
  /Applications/Android Studio.app/Contents/jre/jdk/Contents/Home/bin:/Users/blagojpetrov/Library/Android/sdk/emulator:/Users/blagojpetrov/Library/Android/sdk/platform-tools:/Users/blagojpetrov/Library/Android/sdk/tools/bin:/Users/blagojpetrov/Library/Android/sdk/tools:/opt/homebrew/opt/mysql@5.7/bin:/Users/blagojpetrov/.nvm/versions/node/v16.5.0/bin:/usr/local/bin:/opt/homebrew/opt/mongodb-community@4.0/bin/:/usr/bin:/bin:/usr/sbin:/sbin:/Applications/VMware Fusion.app/Contents/Public

Yarn version: 
  1.22.11

Node version: 
  16.5.0

Platform: 
  darwin arm64

Trace: 
  SyntaxError: /Users/blagojpetrov/projects/browser-extensions/tab-master-ts/packages/modal/package.json: Unexpected token , in JSON at position 110
      at JSON.parse (<anonymous>)
      at /Users/blagojpetrov/.nvm/versions/node/v16.5.0/lib/node_modules/yarn/lib/cli.js:1625:59
      at Generator.next (<anonymous>)
      at step (/Users/blagojpetrov/.nvm/versions/node/v16.5.0/lib/node_modules/yarn/lib/cli.js:310:30)
      at /Users/blagojpetrov/.nvm/versions/node/v16.5.0/lib/node_modules/yarn/lib/cli.js:321:13

npm manifest: 
  {
    "name": "tab-master-ts",
    "version": "1.0.0",
    "main": "index.js",
    "license": "MIT",
  	"private": true,,
    "devDependencies": {
      "@babel/cli": "^7.16.0",
      "@babel/core": "^7.16.0",
      "@babel/plugin-transform-runtime": "^7.16.5",
      "@babel/preset-env": "^7.16.4",
      "@babel/preset-react": "^7.16.0",
      "@babel/preset-typescript": "^7.16.0",
      "@types/chrome": "^0.0.164",
      "@types/ncp": "^2.0.5",
      "@types/node": "^16.11.9",
      "@types/react": "^17.0.35",
      "@types/react-dom": "^17.0.11",
      "@types/styled-components": "^5.1.17",
      "@typescript-eslint/eslint-plugin": "^5.4.0",
      "@typescript-eslint/parser": "^5.4.0",
      "babel-loader": "^8.2.3",
      "babel-plugin-styled-components": "^2.0.2",
      "concurrently": "^6.4.0",
      "copy-webpack-plugin": "^10.0.0",
      "css-loader": "^6.5.1",
      "eslint": "^7.32.0",
      "eslint-config-airbnb": "^19.0.0",
      "eslint-config-airbnb-base": "^15.0.0",
      "eslint-plugin-import": "^2.25.3",
      "eslint-plugin-jsx-a11y": "^6.5.1",
      "eslint-plugin-react": "^7.27.1",
      "eslint-plugin-react-hooks": "^4.3.0",
      "file-loader": "^6.2.0",
      "html-webpack-plugin": "^5.5.0",
      "json-loader": "^0.5.7",
      "ncp": "^2.0.0",
      "nodemon": "^2.0.15",
      "style-loader": "^3.3.1",
      "typescript": "^4.5.2",
      "webpack": "^5.64.2",
      "webpack-cli": "^4.9.1",
      "webpack-dev-server": "^4.5.0"
    },
    "scripts": {
      "type-check": "tsc --noEmit --pretty",
      "lint": "",
      "dev": "webpack serve",
      "build": "NODE_ENV=production webpack"
    },
    "dependencies": {
      "@babel/runtime": "^7.16.5",
      "@emotion/react": "^11",
      "@emotion/styled": "^11",
      "framer-motion": "^4",
      "fuse.js": "^6.4.6",
      "react": "^17.0.2",
      "react-dom": "^17.0.2",
      "react-frame-component": "^5.2.1",
      "styled-components": "^5.3.3"
    },
  	"workspaces": [
  		"packages/*"
  	]
  }

yarn manifest: 
  No manifest

Lockfile: 
  No lockfile
